[16:09:16] [main/INFO]: Environment: authHost='https://authserver.mojang.com', accountsHost='https://api.mojang.com', sessionHost='https://sessionserver.mojang.com', servicesHost='https://api.minecraftservices.com', name='PROD'
[16:09:16] [main/INFO]: Reloading ResourceManager: Default, bukkit
[16:09:17] [Worker-Main-1/INFO]: Loaded 7 recipes
[16:09:18] [Server thread/INFO]: Starting minecraft server version 1.16.5
[16:09:18] [Server thread/INFO]: Loading properties
[16:09:18] [Server thread/INFO]: This server is running Paper version git-Paper-794 (MC: 1.16.5) (Implementing API version 1.16.5-R0.1-SNAPSHOT)
[16:09:18] [Server thread/INFO]: Debug logging is disabled
[16:09:18] [Server thread/INFO]: Server Ping Player Sample Count: 12
[16:09:18] [Server thread/INFO]: Using 4 threads for Netty based IO
[16:09:18] [Server thread/INFO]: Default game type: SURVIVAL
[16:09:18] [Server thread/INFO]: Generating keypair
[16:09:18] [Server thread/INFO]: Starting Minecraft server on *:25565
[16:09:18] [Server thread/INFO]: Using epoll channel type
[16:09:18] [Server thread/INFO]: Server permissions file permissions.yml is empty, ignoring it
[16:09:18] [Server thread/WARN]: **** SERVER IS RUNNING IN OFFLINE/INSECURE MODE!
[16:09:18] [Server thread/WARN]: The server will make no attempt to authenticate usernames. Beware.
[16:09:18] [Server thread/WARN]: While this makes the game possible to play without internet access, it also opens up the ability for hackers to connect with any username they choose.
[16:09:18] [Server thread/WARN]: To change this, set "online-mode" to "true" in the server.properties file.
[16:09:18] [Server thread/INFO]: Preparing level "world"
[16:09:18] [Server thread/INFO]: Preparing start region for dimension minecraft:overworld
[16:09:19] [Server thread/INFO]: Preparing spawn area: 0%
[16:09:19] [Server thread/INFO]: Preparing spawn area: 0%
[16:09:19] [Server thread/INFO]: Time elapsed: 879 ms
[16:09:19] [Server thread/INFO]: Preparing start region for dimension minecraft:the_nether
[16:09:19] [Server thread/INFO]: Preparing spawn area: 0%
[16:09:19] [Server thread/INFO]: Time elapsed: 82 ms
[16:09:19] [Server thread/INFO]: Preparing start region for dimension minecraft:the_end
[16:09:19] [Server thread/INFO]: Time elapsed: 144 ms
[16:09:19] [Server thread/INFO]: Running delayed init tasks
[16:09:19] [Server thread/INFO]: Done (1.958s)! For help, type "help"
[16:09:19] [Server thread/WARN]: [io.papermc.paper.util.PaperJvmChecker] ************************************************************
[16:09:19] [Server thread/WARN]: [io.papermc.paper.util.PaperJvmChecker] * WARNING - YOU ARE RUNNING AN OUTDATED VERSION OF JAVA.
[16:09:19] [Server thread/WARN]: [io.papermc.paper.util.PaperJvmChecker] * PAPER WILL STOP BEING COMPATIBLE WITH THIS VERSION OF
[16:09:19] [Server thread/WARN]: [io.papermc.paper.util.PaperJvmChecker] * JAVA WHEN MINECRAFT 1.17 IS RELEASED.
[16:09:19] [Server thread/WARN]: [io.papermc.paper.util.PaperJvmChecker] *
[16:09:19] [Server thread/WARN]: [io.papermc.paper.util.PaperJvmChecker] * Please update the version of Java you use to run Paper
[16:09:19] [Server thread/WARN]: [io.papermc.paper.util.PaperJvmChecker] * to at least Java 16. When Paper for Minecraft 1.17 is
[16:09:19] [Server thread/WARN]: [io.papermc.paper.util.PaperJvmChecker] * released support for versions of Java before 16 will
[16:09:19] [Server thread/WARN]: [io.papermc.paper.util.PaperJvmChecker] * be dropped.
[16:09:19] [Server thread/WARN]: [io.papermc.paper.util.PaperJvmChecker] *
[16:09:19] [Server thread/WARN]: [io.papermc.paper.util.PaperJvmChecker] * Current Java version: 11.0.26
[16:09:19] [Server thread/WARN]: [io.papermc.paper.util.PaperJvmChecker] *
[16:09:19] [Server thread/WARN]: [io.papermc.paper.util.PaperJvmChecker] * Check this forum post for more information: 
[16:09:19] [Server thread/WARN]: [io.papermc.paper.util.PaperJvmChecker] *   https://papermc.io/java16
[16:09:19] [Server thread/WARN]: [io.papermc.paper.util.PaperJvmChecker] ************************************************************
[16:09:19] [Server thread/INFO]: Timings Reset
[16:09:25] [User Authenticator #1/INFO]: UUID of player caiedwhip is fa8c7503-09e0-3590-a3a9-96ffaaf9c2b8
[16:09:25] [Server thread/INFO]: caiedwhip joined the game
[16:09:25] [Server thread/INFO]: caiedwhip[/127.197.226.216:57959] logged in with entity id 219 at ([world]812.7467126162273, 70.0, 2538.0960256961603)
[16:09:36] [Server thread/INFO]: caiedwhip issued server command: /plugins
[16:11:20] [Server thread/INFO]: caiedwhip lost connection: Disconnected
[16:11:20] [Server thread/INFO]: caiedwhip left the game
[16:12:45] [Server thread/INFO]: Stopping server
[16:12:45] [Server thread/INFO]: Saving players
[16:12:45] [Server thread/INFO]: Saving worlds
[16:12:45] [Server thread/INFO]: Saving chunks for level 'ServerLevel[world]'/minecraft:overworld
[16:12:46] [Server thread/INFO]: ThreadedAnvilChunkStorage (world): All chunks are saved
[16:12:46] [Server thread/INFO]: Saving chunks for level 'ServerLevel[world_nether]'/minecraft:the_nether
[16:12:46] [Server thread/INFO]: ThreadedAnvilChunkStorage (DIM-1): All chunks are saved
[16:12:46] [Server thread/INFO]: Saving chunks for level 'ServerLevel[world_the_end]'/minecraft:the_end
[16:12:46] [Server thread/INFO]: ThreadedAnvilChunkStorage (DIM1): All chunks are saved
[16:12:46] [Server thread/INFO]: ThreadedAnvilChunkStorage (world): All chunks are saved
[16:12:47] [Server thread/INFO]: ThreadedAnvilChunkStorage (DIM-1): All chunks are saved
[16:12:47] [Server thread/INFO]: ThreadedAnvilChunkStorage (DIM1): All chunks are saved
[16:12:47] [Server thread/INFO]: Flushing Chunk IO
[16:12:47] [Server thread/INFO]: Closing Thread Pool
[16:12:47] [Server thread/INFO]: Closing Server
